  Generating GUI/moc_ModuleWidget.cpp
  moc_ModuleWidget.cpp
D:\Program Files (x86)\Microsoft Visual Studio 14.0\VC\include\xutility(2322): warning C4996: 'std::copy::_Unchecked_iterators::_Deprecate': Call to 'std::copy' with parameters that may be unsafe - this call relies on the caller to check that the passed values are correct. To disable this warning, use -D_SCL_SECURE_NO_WARNINGS. See documentation on how to use Visual C++ 'Checked Iterators'
  D:\Program Files (x86)\Microsoft Visual Studio 14.0\VC\include\xutility(2322): note: 参见“std::copy::_Unchecked_iterators::_Deprecate”的声明
  d:\itk_4.8.2\insighttoolkit-4.8.2\modules\core\transform\include\itkTransform.hxx(529): note: 参见对正在编译的函数 模板 实例化“_OutIt std::copy<const double*,T*>(_InIt,_InIt,_OutIt)”的引用
          with
          [
              _OutIt=double *,
              T=double,
              _InIt=const double *
          ]
  d:\itk_4.8.2\insighttoolkit-4.8.2\modules\core\transform\include\itkTransform.hxx(524): note: 编译类 模板 成员函数“void itk::Transform<TParametersValueType,3,3>::CopyInParameters(const double *const ,const double *const )”时
          with
          [
              TParametersValueType=double
          ]
  d:\itk_4.8.2\insighttoolkit-4.8.2\modules\core\transform\include\itkMatrixOffsetTransformBase.h(76): note: 参见对正在编译的类 模板 实例化“itk::Transform<TParametersValueType,3,3>”的引用
          with
          [
              TParametersValueType=double
          ]
  d:\itk_4.8.2\insighttoolkit-4.8.2\modules\core\transform\include\itkRigid3DTransform.h(59): note: 参见对正在编译的类 模板 实例化“itk::MatrixOffsetTransformBase<TParametersValueType,3,3>”的引用
          with
          [
              TParametersValueType=double
          ]
  d:\itk_4.8.2\insighttoolkit-4.8.2\modules\core\transform\include\itkVersorTransform.h(48): note: 参见对正在编译的类 模板 实例化“itk::Rigid3DTransform<TParametersValueType>”的引用
          with
          [
              TParametersValueType=double
          ]
  d:\itk_4.8.2\insighttoolkit-4.8.2\modules\core\transform\include\itkVersorRigid3DTransform.h(48): note: 参见对正在编译的类 模板 实例化“itk::VersorTransform<TParametersValueType>”的引用
          with
          [
              TParametersValueType=double
          ]
  c:\users\jieji\desktop\blood_vessel_v_2.0\blood_vessel\codes\core\ImageRegistration.h(38): note: 参见对正在编译的类 模板 实例化“itk::VersorRigid3DTransform<double>”的引用
  ModuleWidget.cxx
D:\Program Files (x86)\Microsoft Visual Studio 14.0\VC\include\xutility(2322): warning C4996: 'std::copy::_Unchecked_iterators::_Deprecate': Call to 'std::copy' with parameters that may be unsafe - this call relies on the caller to check that the passed values are correct. To disable this warning, use -D_SCL_SECURE_NO_WARNINGS. See documentation on how to use Visual C++ 'Checked Iterators'
  D:\Program Files (x86)\Microsoft Visual Studio 14.0\VC\include\xutility(2322): note: 参见“std::copy::_Unchecked_iterators::_Deprecate”的声明
  d:\itk_4.8.2\insighttoolkit-4.8.2\modules\core\transform\include\itkTransform.hxx(529): note: 参见对正在编译的函数 模板 实例化“_OutIt std::copy<const double*,T*>(_InIt,_InIt,_OutIt)”的引用
          with
          [
              _OutIt=double *,
              T=double,
              _InIt=const double *
          ]
  d:\itk_4.8.2\insighttoolkit-4.8.2\modules\core\transform\include\itkTransform.hxx(524): note: 编译类 模板 成员函数“void itk::Transform<TParametersValueType,3,3>::CopyInParameters(const double *const ,const double *const )”时
          with
          [
              TParametersValueType=double
          ]
  d:\itk_4.8.2\insighttoolkit-4.8.2\modules\core\transform\include\itkMatrixOffsetTransformBase.h(76): note: 参见对正在编译的类 模板 实例化“itk::Transform<TParametersValueType,3,3>”的引用
          with
          [
              TParametersValueType=double
          ]
  d:\itk_4.8.2\insighttoolkit-4.8.2\modules\core\transform\include\itkRigid3DTransform.h(59): note: 参见对正在编译的类 模板 实例化“itk::MatrixOffsetTransformBase<TParametersValueType,3,3>”的引用
          with
          [
              TParametersValueType=double
          ]
  d:\itk_4.8.2\insighttoolkit-4.8.2\modules\core\transform\include\itkVersorTransform.h(48): note: 参见对正在编译的类 模板 实例化“itk::Rigid3DTransform<TParametersValueType>”的引用
          with
          [
              TParametersValueType=double
          ]
  d:\itk_4.8.2\insighttoolkit-4.8.2\modules\core\transform\include\itkVersorRigid3DTransform.h(48): note: 参见对正在编译的类 模板 实例化“itk::VersorTransform<TParametersValueType>”的引用
          with
          [
              TParametersValueType=double
          ]
  c:\users\jieji\desktop\blood_vessel_v_2.0\blood_vessel\codes\core\ImageRegistration.h(38): note: 参见对正在编译的类 模板 实例化“itk::VersorRigid3DTransform<double>”的引用
  MyThread.cxx
D:\Program Files (x86)\Microsoft Visual Studio 14.0\VC\include\xutility(2322): warning C4996: 'std::copy::_Unchecked_iterators::_Deprecate': Call to 'std::copy' with parameters that may be unsafe - this call relies on the caller to check that the passed values are correct. To disable this warning, use -D_SCL_SECURE_NO_WARNINGS. See documentation on how to use Visual C++ 'Checked Iterators'
  D:\Program Files (x86)\Microsoft Visual Studio 14.0\VC\include\xutility(2322): note: 参见“std::copy::_Unchecked_iterators::_Deprecate”的声明
  d:\itk_4.8.2\insighttoolkit-4.8.2\modules\core\transform\include\itkTransform.hxx(529): note: 参见对正在编译的函数 模板 实例化“_OutIt std::copy<const double*,T*>(_InIt,_InIt,_OutIt)”的引用
          with
          [
              _OutIt=double *,
              T=double,
              _InIt=const double *
          ]
  d:\itk_4.8.2\insighttoolkit-4.8.2\modules\core\transform\include\itkTransform.hxx(524): note: 编译类 模板 成员函数“void itk::Transform<TParametersValueType,3,3>::CopyInParameters(const double *const ,const double *const )”时
          with
          [
              TParametersValueType=double
          ]
  d:\itk_4.8.2\insighttoolkit-4.8.2\modules\core\transform\include\itkMatrixOffsetTransformBase.h(76): note: 参见对正在编译的类 模板 实例化“itk::Transform<TParametersValueType,3,3>”的引用
          with
          [
              TParametersValueType=double
          ]
  d:\itk_4.8.2\insighttoolkit-4.8.2\modules\core\transform\include\itkRigid3DTransform.h(59): note: 参见对正在编译的类 模板 实例化“itk::MatrixOffsetTransformBase<TParametersValueType,3,3>”的引用
          with
          [
              TParametersValueType=double
          ]
  d:\itk_4.8.2\insighttoolkit-4.8.2\modules\core\transform\include\itkVersorTransform.h(48): note: 参见对正在编译的类 模板 实例化“itk::Rigid3DTransform<TParametersValueType>”的引用
          with
          [
              TParametersValueType=double
          ]
  d:\itk_4.8.2\insighttoolkit-4.8.2\modules\core\transform\include\itkVersorRigid3DTransform.h(48): note: 参见对正在编译的类 模板 实例化“itk::VersorTransform<TParametersValueType>”的引用
          with
          [
              TParametersValueType=double
          ]
  c:\users\jieji\desktop\blood_vessel_v_2.0\blood_vessel\codes\core\ImageRegistration.h(38): note: 参见对正在编译的类 模板 实例化“itk::VersorRigid3DTransform<double>”的引用
  正在生成代码...
  Module.vcxproj -> C:\Users\jieji\Desktop\blood_vessel_v_2.0\blood_vessel\lib\Debug\Module.lib
